core/auth/build/intermediates/manifest_merge_blame_file/debug/processDebugManifest/manifest-merger-blame-debug-report.txt
1<?xml version="1.0" encoding="utf-8"?>
2<manifest xmlns:android="http://schemas.android.com/apk/res/android"
3    package="com.vigia.core.auth" >
4
5    <uses-sdk android:minSdkVersion="34" />
6
7    <!-- Auth needs network for Cognito token exchange. -->
8    <uses-permission android:name="android.permission.INTERNET" />
8-->src/main/AndroidManifest.xml:5:5-67
8-->src/main/AndroidManifest.xml:5:22-64
9
10</manifest>